Determining if the pthread_create exist failed with the following output:
Change Dir: /home/miguel/Documents/gpuvmem/build/CMakeFiles/CMakeTmp

Run Build Command:"/usr/bin/make" "cmTC_2a6a8/fast"
/usr/bin/make -f CMakeFiles/cmTC_2a6a8.dir/build.make CMakeFiles/cmTC_2a6a8.dir/build
make[1]: Entering directory '/home/miguel/Documents/gpuvmem/build/CMakeFiles/CMakeTmp'
Building CXX object CMakeFiles/cmTC_2a6a8.dir/CheckSymbolExists.cxx.o
/usr/bin/c++     -o CMakeFiles/cmTC_2a6a8.dir/CheckSymbolExists.cxx.o -c /home/miguel/Documents/gpuvmem/build/CMakeFiles/CMakeTmp/CheckSymbolExists.cxx
Linking CXX executable cmTC_2a6a8
/usr/bin/cmake -E cmake_link_script CMakeFiles/cmTC_2a6a8.dir/link.txt --verbose=1
/usr/bin/c++       CMakeFiles/cmTC_2a6a8.dir/CheckSymbolExists.cxx.o  -o cmTC_2a6a8 
CMakeFiles/cmTC_2a6a8.dir/CheckSymbolExists.cxx.o: In function `main':
CheckSymbolExists.cxx:(.text+0x1b): undefined reference to `pthread_create'
collect2: error: ld returned 1 exit status
CMakeFiles/cmTC_2a6a8.dir/build.make:97: recipe for target 'cmTC_2a6a8' failed
make[1]: *** [cmTC_2a6a8] Error 1
make[1]: Leaving directory '/home/miguel/Documents/gpuvmem/build/CMakeFiles/CMakeTmp'
Makefile:126: recipe for target 'cmTC_2a6a8/fast' failed
make: *** [cmTC_2a6a8/fast] Error 2

File /home/miguel/Documents/gpuvmem/build/CMakeFiles/CMakeTmp/CheckSymbolExists.cxx:
/* */
#include <pthread.h>

int main(int argc, char** argv)
{
  (void)argv;
#ifndef pthread_create
  return ((int*)(&pthread_create))[argc];
#else
  (void)argc;
  return 0;
#endif
}

Determining if the function pthread_create exists in the pthreads failed with the following output:
Change Dir: /home/miguel/Documents/gpuvmem/build/CMakeFiles/CMakeTmp

Run Build Command:"/usr/bin/make" "cmTC_766b4/fast"
/usr/bin/make -f CMakeFiles/cmTC_766b4.dir/build.make CMakeFiles/cmTC_766b4.dir/build
make[1]: Entering directory '/home/miguel/Documents/gpuvmem/build/CMakeFiles/CMakeTmp'
Building CXX object CMakeFiles/cmTC_766b4.dir/CheckFunctionExists.cxx.o
/usr/bin/c++    -DCHECK_FUNCTION_EXISTS=pthread_create   -o CMakeFiles/cmTC_766b4.dir/CheckFunctionExists.cxx.o -c /home/miguel/Documents/gpuvmem/build/CMakeFiles/CheckLibraryExists/CheckFunctionExists.cxx
Linking CXX executable cmTC_766b4
/usr/bin/cmake -E cmake_link_script CMakeFiles/cmTC_766b4.dir/link.txt --verbose=1
/usr/bin/c++   -DCHECK_FUNCTION_EXISTS=pthread_create    CMakeFiles/cmTC_766b4.dir/CheckFunctionExists.cxx.o  -o cmTC_766b4 -lpthreads 
/usr/bin/ld: cannot find -lpthreads
collect2: error: ld returned 1 exit status
CMakeFiles/cmTC_766b4.dir/build.make:97: recipe for target 'cmTC_766b4' failed
make[1]: *** [cmTC_766b4] Error 1
make[1]: Leaving directory '/home/miguel/Documents/gpuvmem/build/CMakeFiles/CMakeTmp'
Makefile:126: recipe for target 'cmTC_766b4/fast' failed
make: *** [cmTC_766b4/fast] Error 2


